[0.032s] Invoking command in '/home/jo/project_RobotEngineering_3/my_robot/build/realsense2_camera': CMAKE_PREFIX_PATH=/home/jo/project_RobotEngineering_3/my_robot/install/realsense2_camera_msgs:/home/jo/project_RobotEngineering_3/my_robot/install/realsense2_description:/home/jo/project_RobotEngineering_3/my_robot/install/realsense2_camera:/home/jo/project_RobotEngineering_3/my_robot/install/my_custom_srv_pkg:/home/jo/project_RobotEngineering_3/my_robot/install/py_custom_srv_pkg:/opt/ros/humble LD_LIBRARY_PATH=/home/jo/project_RobotEngineering_3/my_robot/install/realsense2_camera_msgs/lib:/home/jo/project_RobotEngineering_3/my_robot/install/realsense2_camera/lib:/home/jo/project_RobotEngineering_3/my_robot/install/my_custom_srv_pkg/lib:/usr/lib/x86_64-linux-gnu/gazebo-11/plugins:/opt/ros/humble/opt/rviz_ogre_vendor/lib:/opt/ros/humble/lib/x86_64-linux-gnu:/opt/ros/humble/lib:/usr/lib/x86_64-linux-gnu/gazebo-11/plugins:/usr/lib/x86_64-linux-gnu/gazebo-11/plugins:/usr/lib/x86_64-linux-gnu/gazebo-11/plugins:/usr/lib/x86_64-linux-gnu/gazebo-11/plugins:/usr/lib/x86_64-linux-gnu/gazebo-11/plugins:/usr/lib/x86_64-linux-gnu/gazebo-11/plugins:/usr/lib/x86_64-linux-gnu/gazebo-11/plugins:/usr/lib/x86_64-linux-gnu/gazebo-11/plugins:/usr/lib/x86_64-linux-gnu/gazebo-11/plugins:/usr/lib/x86_64-linux-gnu/gazebo-11/plugins /usr/bin/cmake --build /home/jo/project_RobotEngineering_3/my_robot/build/realsense2_camera -- -j12 -l12
[0.058s] -- Create Release Build.
[0.058s] -- Found ament_cmake: 1.3.12 (/opt/ros/humble/share/ament_cmake/cmake)
[0.203s] -- Found builtin_interfaces: 1.2.2 (/opt/ros/humble/share/builtin_interfaces/cmake)
[0.229s] -- Found rosidl_generator_c: 3.1.7 (/opt/ros/humble/share/rosidl_generator_c/cmake)
[0.232s] -- Found rosidl_adapter: 3.1.7 (/opt/ros/humble/share/rosidl_adapter/cmake)
[0.239s] -- Found rosidl_generator_cpp: 3.1.7 (/opt/ros/humble/share/rosidl_generator_cpp/cmake)
[0.250s] -- Using all available rosidl_typesupport_c: rosidl_typesupport_fastrtps_c;rosidl_typesupport_introspection_c
[0.265s] -- Using all available rosidl_typesupport_cpp: rosidl_typesupport_fastrtps_cpp;rosidl_typesupport_introspection_cpp
[0.281s] -- Found cv_bridge: 3.2.1 (/opt/ros/humble/share/cv_bridge/cmake)
[0.342s] -- Found image_transport: 3.1.12 (/opt/ros/humble/share/image_transport/cmake)
[0.379s] -- Found rmw_implementation_cmake: 6.1.2 (/opt/ros/humble/share/rmw_implementation_cmake/cmake)
[0.380s] -- Found rmw_fastrtps_cpp: 6.2.8 (/opt/ros/humble/share/rmw_fastrtps_cpp/cmake)
[0.504s] -- Using RMW implementation 'rmw_fastrtps_cpp' as default
[0.572s] -- Found rclcpp_components: 16.0.14 (/opt/ros/humble/share/rclcpp_components/cmake)
[0.594s] -- Found realsense2_camera_msgs: 3.2.3 (/home/jo/project_RobotEngineering_3/my_robot/install/realsense2_camera_msgs/share/realsense2_camera_msgs/cmake)
[0.612s] -- Found std_srvs: 4.9.0 (/opt/ros/humble/share/std_srvs/cmake)
[0.624s] -- Found nav_msgs: 4.9.0 (/opt/ros/humble/share/nav_msgs/cmake)
[0.640s] -- Found tf2_ros: 0.25.15 (/opt/ros/humble/share/tf2_ros/cmake)
[0.685s] -- Found diagnostic_updater: 4.0.6 (/opt/ros/humble/share/diagnostic_updater/cmake)
[0.697s] -- Build for ROS2 Humble
[0.702s] -- Found ament_lint_auto: 0.12.14 (/opt/ros/humble/share/ament_lint_auto/cmake)
[0.788s] -- Added test 'copyright' to check source files copyright and LICENSE
[0.789s] -- Added test 'cppcheck' to perform static code analysis on C / C++ code
[0.790s] -- Configured cppcheck include dirs: /home/jo/project_RobotEngineering_3/my_robot/src/realsense-ros/realsense2_camera/include
[0.790s] -- Configured cppcheck exclude dirs and/or files: 
[0.791s] -- Added test 'cpplint' to check C / C++ code against the Google style
[0.791s] -- Configured cpplint exclude dirs and/or files: 
[0.791s] -- Added test 'flake8' to check Python code syntax and style conventions
[0.792s] -- Added test 'lint_cmake' to check CMake code style
[0.792s] -- Added test 'pep257' to check Python code against some of the docstring style conventions in PEP 257
[0.794s] -- Added test 'uncrustify' to check C / C++ code style
[0.794s] -- Configured uncrustify additional arguments: 
[0.794s] -- Added test 'xmllint' to check XML markup files
[0.796s] -- Configuring done
[0.813s] -- Generating done
[0.820s] -- Build files have been written to: /home/jo/project_RobotEngineering_3/my_robot/build/realsense2_camera
[0.847s] [35m[1mConsolidate compiler generated dependencies of target realsense2_camera_node[0m
[0.851s] [35m[1mConsolidate compiler generated dependencies of target realsense2_camera[0m
[0.862s] [ 25%] Built target realsense2_camera_node
[0.878s] [ 37%] [32mBuilding CXX object CMakeFiles/realsense2_camera.dir/src/base_realsense_node.cpp.o[0m
[3.519s] [01m[K/home/jo/project_RobotEngineering_3/my_robot/src/realsense-ros/realsense2_camera/src/base_realsense_node.cpp:[m[K In member function â€˜[01m[Kvirtual bool realsense2_camera::BaseRealSenseNode::toggleSensors(bool, std::string&)[m[Kâ€™:
[3.519s] [01m[K/home/jo/project_RobotEngineering_3/my_robot/src/realsense-ros/realsense2_camera/src/base_realsense_node.cpp:377:75:[m[K [01;35m[Kwarning: [m[Kloop variable â€˜[01m[Ksensor_profile[m[Kâ€™ of type â€˜[01m[Kconst std::pair<std::__cxx11::basic_string<char>, std::vector<rs2::stream_profile> >&[m[Kâ€™ binds to a temporary constructed from type â€˜[01m[Kstd::pair<const std::__cxx11::basic_string<char>, std::vector<rs2::stream_profile> >[m[Kâ€™ [[01;35m[K]8;;https://gcc.gnu.org/onlinedocs/gcc/Warning-Options.html#index-Wrange-loop-construct-Wrange-loop-construct]8;;[m[K]
[3.519s]   377 |     for (const std::pair<std::string, std::vector<rs2::stream_profile> >& [01;35m[Ksensor_profile[m[K : profiles)
[3.519s]       |                                                                           [01;35m[K^~~~~~~~~~~~~~[m[K
[3.519s] [01m[K/home/jo/project_RobotEngineering_3/my_robot/src/realsense-ros/realsense2_camera/src/base_realsense_node.cpp:377:75:[m[K [01;36m[Knote: [m[Kuse non-reference type â€˜[01m[Kconst std::pair<std::__cxx11::basic_string<char>, std::vector<rs2::stream_profile> >[m[Kâ€™ to make the copy explicit or â€˜[01m[Kconst std::pair<const std::__cxx11::basic_string<char>, std::vector<rs2::stream_profile> >&[m[Kâ€™ to prevent copying
[3.645s] [01m[K/home/jo/project_RobotEngineering_3/my_robot/src/realsense-ros/realsense2_camera/src/base_realsense_node.cpp:[m[K In member function â€˜[01m[Krclcpp::Time realsense2_camera::BaseRealSenseNode::frameSystemTimeSec(rs2::frame)[m[Kâ€™:
[3.645s] [01m[K/home/jo/project_RobotEngineering_3/my_robot/src/realsense-ros/realsense2_camera/src/base_realsense_node.cpp:2064:41:[m[K [01;31m[Kerror: [m[Kâ€˜[01m[Kduration_ns[m[Kâ€™ was not declared in this scope; did you mean â€˜[01m[Krcl_duration_s[m[Kâ€™?
[3.646s]  2064 |         rclcpp::Duration elapsed_camera([01;31m[Kduration_ns[m[K);
[3.646s]       |                                         [01;31m[K^~~~~~~~~~~[m[K
[3.646s]       |                                         [32m[Krcl_duration_s[m[K
[3.646s] [01m[K/home/jo/project_RobotEngineering_3/my_robot/src/realsense-ros/realsense2_camera/src/base_realsense_node.cpp:2060:16:[m[K [01;35m[Kwarning: [m[Kunused variable â€˜[01m[Kelapsed_camera_ns[m[Kâ€™ [[01;35m[K]8;;https://gcc.gnu.org/onlinedocs/gcc/Warning-Options.html#index-Wunused-variable-Wunused-variable]8;;[m[K]
[3.646s]  2060 |         double [01;35m[Kelapsed_camera_ns[m[K = (/*ms*/ frame.get_timestamp() - /*ms*/ _camera_time_base) * 1e6;
[3.646s]       |                [01;35m[K^~~~~~~~~~~~~~~~~[m[K
[3.648s] [01m[K/home/jo/project_RobotEngineering_3/my_robot/src/realsense-ros/realsense2_camera/src/base_realsense_node.cpp:[m[K In member function â€˜[01m[Kvoid realsense2_camera::BaseRealSenseNode::setupStreams()[m[Kâ€™:
[3.648s] [01m[K/home/jo/project_RobotEngineering_3/my_robot/src/realsense-ros/realsense2_camera/src/base_realsense_node.cpp:2105:79:[m[K [01;35m[Kwarning: [m[Kloop variable â€˜[01m[Ksensor_profile[m[Kâ€™ of type â€˜[01m[Kconst std::pair<std::__cxx11::basic_string<char>, std::vector<rs2::stream_profile> >&[m[Kâ€™ binds to a temporary constructed from type â€˜[01m[Kstd::pair<const std::__cxx11::basic_string<char>, std::vector<rs2::stream_profile> >[m[Kâ€™ [[01;35m[K]8;;https://gcc.gnu.org/onlinedocs/gcc/Warning-Options.html#index-Wrange-loop-construct-Wrange-loop-construct]8;;[m[K]
[3.648s]  2105 |         for (const std::pair<std::string, std::vector<rs2::stream_profile> >& [01;35m[Ksensor_profile[m[K : profiles)
[3.648s]       |                                                                               [01;35m[K^~~~~~~~~~~~~~[m[K
[3.648s] [01m[K/home/jo/project_RobotEngineering_3/my_robot/src/realsense-ros/realsense2_camera/src/base_realsense_node.cpp:2105:79:[m[K [01;36m[Knote: [m[Kuse non-reference type â€˜[01m[Kconst std::pair<std::__cxx11::basic_string<char>, std::vector<rs2::stream_profile> >[m[Kâ€™ to make the copy explicit or â€˜[01m[Kconst std::pair<const std::__cxx11::basic_string<char>, std::vector<rs2::stream_profile> >&[m[Kâ€™ to prevent copying
[6.227s] gmake[2]: *** [CMakeFiles/realsense2_camera.dir/build.make:90: CMakeFiles/realsense2_camera.dir/src/base_realsense_node.cpp.o] Error 1
[6.228s] gmake[1]: *** [CMakeFiles/Makefile2:139: CMakeFiles/realsense2_camera.dir/all] Error 2
[6.228s] gmake: *** [Makefile:146: all] Error 2
[6.230s] Invoked command in '/home/jo/project_RobotEngineering_3/my_robot/build/realsense2_camera' returned '2': CMAKE_PREFIX_PATH=/home/jo/project_RobotEngineering_3/my_robot/install/realsense2_camera_msgs:/home/jo/project_RobotEngineering_3/my_robot/install/realsense2_description:/home/jo/project_RobotEngineering_3/my_robot/install/realsense2_camera:/home/jo/project_RobotEngineering_3/my_robot/install/my_custom_srv_pkg:/home/jo/project_RobotEngineering_3/my_robot/install/py_custom_srv_pkg:/opt/ros/humble LD_LIBRARY_PATH=/home/jo/project_RobotEngineering_3/my_robot/install/realsense2_camera_msgs/lib:/home/jo/project_RobotEngineering_3/my_robot/install/realsense2_camera/lib:/home/jo/project_RobotEngineering_3/my_robot/install/my_custom_srv_pkg/lib:/usr/lib/x86_64-linux-gnu/gazebo-11/plugins:/opt/ros/humble/opt/rviz_ogre_vendor/lib:/opt/ros/humble/lib/x86_64-linux-gnu:/opt/ros/humble/lib:/usr/lib/x86_64-linux-gnu/gazebo-11/plugins:/usr/lib/x86_64-linux-gnu/gazebo-11/plugins:/usr/lib/x86_64-linux-gnu/gazebo-11/plugins:/usr/lib/x86_64-linux-gnu/gazebo-11/plugins:/usr/lib/x86_64-linux-gnu/gazebo-11/plugins:/usr/lib/x86_64-linux-gnu/gazebo-11/plugins:/usr/lib/x86_64-linux-gnu/gazebo-11/plugins:/usr/lib/x86_64-linux-gnu/gazebo-11/plugins:/usr/lib/x86_64-linux-gnu/gazebo-11/plugins:/usr/lib/x86_64-linux-gnu/gazebo-11/plugins /usr/bin/cmake --build /home/jo/project_RobotEngineering_3/my_robot/build/realsense2_camera -- -j12 -l12
